 2021-04-03 13:54:16,917 - INFO - D:\django\cargobot\qurmatuz\config\settings.py changed, reloading.
 2021-04-03 14:06:34,705 - INFO - D:\django\cargobot\qurmatuz\bot\views.py changed, reloading.
 2021-04-03 14:19:21,585 - INFO - D:\django\cargobot\qurmatuz\bot\views.py changed, reloading.
 2021-04-03 14:21:34,137 - INFO - D:\django\cargobot\qurmatuz\bot\views.py changed, reloading.
 2021-04-03 14:23:15,304 - INFO - D:\django\cargobot\qurmatuz\bot\views.py changed, reloading.
 2021-04-03 14:23:34,143 - WARNING - Not Found: /favicon.ico
 2021-04-03 14:27:49,248 - INFO - D:\django\cargobot\qurmatuz\bot\views.py changed, reloading.
 2021-04-03 14:27:56,766 - INFO - D:\django\cargobot\qurmatuz\bot\search.py changed, reloading.
 2021-04-03 14:28:15,151 - INFO - D:\django\cargobot\qurmatuz\bot\search.py changed, reloading.
 2021-04-03 14:29:48,705 - INFO - D:\django\cargobot\qurmatuz\bot\search.py changed, reloading.
 2021-04-03 15:02:51,231 - INFO - D:\django\cargobot\qurmatuz\bot\models.py changed, reloading.
 2021-04-03 15:05:33,932 - INFO - D:\django\cargobot\qurmatuz\bot\models.py changed, reloading.
 2021-04-03 15:15:26,922 - INFO - D:\django\cargobot\qurmatuz\bot\views.py changed, reloading.
 2021-04-03 15:17:04,818 - INFO - D:\django\cargobot\qurmatuz\bot\views.py changed, reloading.
 2021-04-03 15:20:50,776 - INFO - D:\django\cargobot\qurmatuz\bot\views.py changed, reloading.
 2021-04-03 15:25:26,249 - INFO - D:\django\cargobot\qurmatuz\bot\views.py changed, reloading.
 2021-04-03 15:26:05,265 - WARNING - Not Found: /favicon.ico
 2021-04-03 15:26:13,356 - INFO - D:\django\cargobot\qurmatuz\bot\views.py changed, reloading.
 2021-04-03 15:27:55,440 - INFO - D:\django\cargobot\qurmatuz\bot\views.py changed, reloading.
 2021-04-03 15:30:44,789 - INFO - D:\django\cargobot\qurmatuz\bot\views.py changed, reloading.
 2021-04-03 15:31:55,832 - INFO - D:\django\cargobot\qurmatuz\bot\views.py changed, reloading.
 2021-04-03 15:32:25,086 - INFO - D:\django\cargobot\qurmatuz\bot\views.py changed, reloading.
 2021-04-03 15:32:46,765 - WARNING - Not Found: /favicon.ico
 2021-04-03 15:32:48,978 - WARNING - Not Found: /favicon.ico
 2021-04-03 15:33:08,605 - INFO - D:\django\cargobot\qurmatuz\bot\views.py changed, reloading.
 2021-04-03 15:33:33,616 - INFO - D:\django\cargobot\qurmatuz\bot\views.py changed, reloading.
 2021-04-03 15:40:53,267 - INFO - D:\django\cargobot\qurmatuz\bot\views.py changed, reloading.
 2021-04-03 15:41:11,556 - INFO - D:\django\cargobot\qurmatuz\bot\views.py changed, reloading.
 2021-04-03 15:41:27,862 - INFO - D:\django\cargobot\qurmatuz\bot\views.py changed, reloading.
 2021-04-03 15:42:07,896 - WARNING - Not Found: /favicon.ico
 2021-04-03 15:42:19,211 - INFO - D:\django\cargobot\qurmatuz\bot\views.py changed, reloading.
 2021-04-03 15:42:36,698 - INFO - D:\django\cargobot\qurmatuz\bot\views.py changed, reloading.
 2021-04-03 15:43:00,064 - INFO - D:\django\cargobot\qurmatuz\bot\views.py changed, reloading.
 2021-04-03 15:44:27,071 - INFO - D:\django\cargobot\qurmatuz\bot\views.py changed, reloading.
 2021-04-03 15:44:55,091 - INFO - D:\django\cargobot\qurmatuz\bot\views.py changed, reloading.
 2021-04-03 15:45:12,576 - INFO - D:\django\cargobot\qurmatuz\bot\views.py changed, reloading.
 2021-04-03 15:45:29,920 - INFO - D:\django\cargobot\qurmatuz\bot\views.py changed, reloading.
 2021-04-03 15:45:46,219 - INFO - D:\django\cargobot\qurmatuz\bot\views.py changed, reloading.
 2021-04-03 15:58:57,595 - INFO - D:\django\cargobot\qurmatuz\bot\views.py changed, reloading.
 2021-04-03 15:59:35,279 - INFO - D:\django\cargobot\qurmatuz\config\settings.py changed, reloading.
 2021-04-03 16:00:20,711 - INFO - D:\django\cargobot\qurmatuz\bot\views.py changed, reloading.
 2021-04-03 16:00:44,579 - INFO - D:\django\cargobot\qurmatuz\bot\views.py changed, reloading.
 2021-04-03 16:01:11,223 - INFO - D:\django\cargobot\qurmatuz\bot\views.py changed, reloading.
 2021-04-03 16:01:42,400 - INFO - D:\django\cargobot\qurmatuz\bot\views.py changed, reloading.
 2021-04-03 16:02:11,565 - INFO - D:\django\cargobot\qurmatuz\bot\views.py changed, reloading.
 2021-04-03 16:02:24,576 - INFO - D:\django\cargobot\qurmatuz\bot\views.py changed, reloading.
 2021-04-03 16:03:08,739 - INFO - D:\django\cargobot\qurmatuz\bot\views.py changed, reloading.
 2021-04-03 16:03:15,118 - INFO - D:\django\cargobot\qurmatuz\bot\views.py changed, reloading.
 2021-04-03 16:03:20,446 - INFO - D:\django\cargobot\qurmatuz\bot\views.py changed, reloading.
 2021-04-03 16:06:24,724 - INFO - D:\django\cargobot\qurmatuz\bot\views.py changed, reloading.
 2021-04-03 16:06:55,052 - INFO - D:\django\cargobot\qurmatuz\bot\views.py changed, reloading.
 2021-04-03 16:07:11,339 - INFO - D:\django\cargobot\qurmatuz\bot\views.py changed, reloading.
 2021-04-03 16:14:05,290 - INFO - D:\django\cargobot\qurmatuz\bot\views.py changed, reloading.
 2021-04-03 16:14:09,653 - INFO - D:\django\cargobot\qurmatuz\bot\views.py changed, reloading.
 2021-04-03 16:14:25,769 - INFO - D:\django\cargobot\qurmatuz\bot\views.py changed, reloading.
 2021-04-03 16:17:10,961 - INFO - D:\django\cargobot\qurmatuz\bot\views.py changed, reloading.
 2021-04-03 16:17:47,747 - INFO - D:\django\cargobot\qurmatuz\bot\views.py changed, reloading.
 2021-04-03 16:29:11,414 - INFO - D:\django\cargobot\qurmatuz\bot\views.py changed, reloading.
 2021-04-03 16:29:35,153 - INFO - D:\django\cargobot\qurmatuz\bot\views.py changed, reloading.
 2021-04-04 13:15:30,602 - INFO - D:\django\cargobot\qurmatuz\config\settings.py changed, reloading.
 2021-04-04 13:15:35,483 - WARNING - Not Found: /favicon.ico
 2021-04-04 13:23:19,686 - WARNING - Not Found: /favicon.ico
 2021-04-04 13:27:44,752 - INFO - D:\django\cargobot\qurmatuz\bot\views.py changed, reloading.
 2021-04-04 13:29:24,985 - INFO - D:\django\cargobot\qurmatuz\bot\views.py changed, reloading.
 2021-04-04 13:30:11,456 - INFO - D:\django\cargobot\qurmatuz\bot\views.py changed, reloading.
 2021-04-04 13:30:42,723 - INFO - D:\django\cargobot\qurmatuz\bot\views.py changed, reloading.
 2021-04-04 13:31:07,571 - INFO - D:\django\cargobot\qurmatuz\bot\views.py changed, reloading.
 2021-04-04 13:31:43,143 - INFO - D:\django\cargobot\qurmatuz\bot\views.py changed, reloading.
 2021-04-04 13:32:32,610 - INFO - D:\django\cargobot\qurmatuz\bot\views.py changed, reloading.
 2021-04-04 13:33:42,690 - INFO - D:\django\cargobot\qurmatuz\bot\views.py changed, reloading.
 2021-04-04 13:37:24,963 - INFO - D:\django\cargobot\qurmatuz\bot\views.py changed, reloading.
 2021-04-04 13:37:30,091 - INFO - D:\django\cargobot\qurmatuz\bot\views.py changed, reloading.
 2021-04-04 14:01:23,625 - INFO - D:\django\cargobot\qurmatuz\bot\views.py changed, reloading.
 2021-04-04 14:01:30,375 - INFO - D:\django\cargobot\qurmatuz\bot\search.py changed, reloading.
 2021-04-04 14:03:40,929 - INFO - D:\django\cargobot\qurmatuz\bot\search.py changed, reloading.
 2021-04-04 14:04:31,333 - INFO - D:\django\cargobot\qurmatuz\bot\admin.py changed, reloading.
 2021-04-04 14:04:33,588 - INFO - D:\django\cargobot\qurmatuz\bot\search.py changed, reloading.
 2021-04-04 14:04:49,754 - WARNING - Not Found: /favicon.ico
 2021-04-04 14:05:24,386 - INFO - D:\django\cargobot\qurmatuz\bot\views.py changed, reloading.
 2021-04-04 14:06:13,147 - INFO - D:\django\cargobot\qurmatuz\bot\search.py changed, reloading.
 2021-04-04 14:10:53,918 - INFO - D:\django\cargobot\qurmatuz\bot\search.py changed, reloading.
 2021-04-04 14:11:54,310 - INFO - D:\django\cargobot\qurmatuz\bot\search.py changed, reloading.
 2021-04-04 14:21:27,088 - INFO - D:\django\cargobot\qurmatuz\bot\search.py changed, reloading.
 2021-04-04 14:23:22,147 - INFO - D:\django\cargobot\qurmatuz\bot\search.py changed, reloading.
 2021-04-04 14:24:54,591 - INFO - D:\django\cargobot\qurmatuz\bot\search.py changed, reloading.
 2021-04-04 14:25:04,233 - INFO - D:\django\cargobot\qurmatuz\bot\search.py changed, reloading.
 2021-04-04 14:25:36,940 - INFO - D:\django\cargobot\qurmatuz\bot\search.py changed, reloading.
 2021-04-04 14:26:19,236 - INFO - D:\django\cargobot\qurmatuz\bot\search.py changed, reloading.
 2021-04-04 14:27:18,609 - INFO - D:\django\cargobot\qurmatuz\bot\const.py changed, reloading.
 2021-04-04 14:30:40,787 - INFO - D:\django\cargobot\qurmatuz\bot\const.py changed, reloading.
 2021-04-04 14:31:57,426 - INFO - D:\django\cargobot\qurmatuz\bot\const.py changed, reloading.
 2021-04-04 14:33:43,261 - INFO - D:\django\cargobot\qurmatuz\bot\const.py changed, reloading.
 2021-04-04 14:40:03,458 - INFO - D:\django\cargobot\qurmatuz\bot\views.py changed, reloading.
 2021-04-04 14:40:26,353 - INFO - D:\django\cargobot\qurmatuz\bot\views.py changed, reloading.
 2021-04-04 14:43:52,891 - INFO - D:\django\cargobot\qurmatuz\bot\const.py changed, reloading.
 2021-04-04 14:44:03,766 - INFO - D:\django\cargobot\qurmatuz\bot\search.py changed, reloading.
 2021-04-04 14:46:57,934 - INFO - D:\django\cargobot\qurmatuz\bot\search.py changed, reloading.
 2021-04-04 14:48:02,620 - INFO - D:\django\cargobot\qurmatuz\bot\search.py changed, reloading.
 2021-04-04 14:48:10,196 - INFO - D:\django\cargobot\qurmatuz\bot\search.py changed, reloading.
 2021-04-04 15:07:06,630 - INFO - D:\django\cargobot\qurmatuz\bot\search.py changed, reloading.
 2021-04-04 15:07:15,455 - INFO - D:\django\cargobot\qurmatuz\bot\search.py changed, reloading.
 2021-04-04 15:09:06,267 - WARNING - Not Found: /favicon.ico
 2021-04-04 21:17:05,845 - WARNING - Not Found: /favicon.ico
 2021-04-04 21:18:26,873 - INFO - D:\django\cargobot\qurmatuz\config\settings.py changed, reloading.
 2021-04-04 21:18:41,170 - WARNING - Not Found: /favicon.ico
 2021-04-04 21:21:29,534 - INFO - D:\django\cargobot\qurmatuz\bot\search.py changed, reloading.
 2021-04-04 21:22:19,559 - INFO - D:\django\cargobot\qurmatuz\bot\search.py changed, reloading.
 2021-04-04 21:27:39,925 - INFO - D:\django\cargobot\qurmatuz\bot\search.py changed, reloading.
 2021-04-04 21:29:11,557 - INFO - D:\django\cargobot\qurmatuz\bot\search.py changed, reloading.
 2021-04-04 21:30:08,877 - INFO - D:\django\cargobot\qurmatuz\bot\search.py changed, reloading.
 2021-04-04 21:31:17,460 - INFO - D:\django\cargobot\qurmatuz\bot\search.py changed, reloading.
 2021-04-04 21:31:43,324 - INFO - D:\django\cargobot\qurmatuz\bot\search.py changed, reloading.
 2021-04-04 21:32:44,114 - INFO - D:\django\cargobot\qurmatuz\bot\views.py changed, reloading.
 2021-04-04 21:37:07,628 - INFO - D:\django\cargobot\qurmatuz\bot\search.py changed, reloading.
 2021-04-04 21:37:13,093 - INFO - D:\django\cargobot\qurmatuz\bot\search.py changed, reloading.
 2021-04-04 21:37:40,134 - INFO - D:\django\cargobot\qurmatuz\bot\search.py changed, reloading.
 2021-04-04 21:37:46,939 - INFO - D:\django\cargobot\qurmatuz\bot\search.py changed, reloading.
 2021-04-04 21:38:16,335 - INFO - D:\django\cargobot\qurmatuz\bot\search.py changed, reloading.
 2021-04-04 21:38:38,740 - INFO - D:\django\cargobot\qurmatuz\bot\search.py changed, reloading.
 2021-04-04 21:39:27,171 - INFO - D:\django\cargobot\qurmatuz\bot\search.py changed, reloading.
 2021-04-04 21:40:05,338 - INFO - D:\django\cargobot\qurmatuz\bot\search.py changed, reloading.
 2021-04-04 21:41:04,695 - INFO - D:\django\cargobot\qurmatuz\bot\search.py changed, reloading.
 2021-04-04 21:42:30,191 - INFO - D:\django\cargobot\qurmatuz\bot\search.py changed, reloading.
 2021-04-04 21:43:38,811 - INFO - D:\django\cargobot\qurmatuz\bot\views.py changed, reloading.
 2021-04-04 21:45:49,153 - INFO - D:\django\cargobot\qurmatuz\bot\search.py changed, reloading.
 2021-04-04 21:46:09,688 - INFO - D:\django\cargobot\qurmatuz\bot\search.py changed, reloading.
 2021-04-04 21:46:31,216 - INFO - D:\django\cargobot\qurmatuz\bot\search.py changed, reloading.
 2021-04-04 21:47:33,338 - INFO - D:\django\cargobot\qurmatuz\bot\views.py changed, reloading.
 2021-04-04 21:57:14,158 - INFO - D:\django\cargobot\qurmatuz\bot\search.py changed, reloading.
 2021-04-04 21:57:51,531 - INFO - D:\django\cargobot\qurmatuz\bot\search.py changed, reloading.
 2021-04-04 21:58:40,441 - INFO - D:\django\cargobot\qurmatuz\bot\const.py changed, reloading.
 2021-04-04 21:58:48,285 - INFO - D:\django\cargobot\qurmatuz\bot\views.py changed, reloading.
 2021-04-04 21:59:10,894 - INFO - D:\django\cargobot\qurmatuz\bot\search.py changed, reloading.
 2021-04-04 21:59:30,894 - INFO - D:\django\cargobot\qurmatuz\bot\search.py changed, reloading.
 2021-04-04 22:00:12,730 - INFO - D:\django\cargobot\qurmatuz\bot\search.py changed, reloading.
 2021-04-04 22:00:28,497 - INFO - D:\django\cargobot\qurmatuz\bot\search.py changed, reloading.
 2021-04-04 22:01:21,936 - INFO - D:\django\cargobot\qurmatuz\bot\search.py changed, reloading.
 2021-04-04 22:01:49,874 - INFO - D:\django\cargobot\qurmatuz\bot\search.py changed, reloading.
 2021-04-04 22:03:03,642 - INFO - D:\django\cargobot\qurmatuz\bot\search.py changed, reloading.
 2021-04-04 22:04:32,161 - INFO - D:\django\cargobot\qurmatuz\bot\search.py changed, reloading.
 2021-04-04 22:05:08,962 - WARNING - Not Found: /favicon.ico
 2021-04-04 22:05:53,388 - INFO - D:\django\cargobot\qurmatuz\bot\search.py changed, reloading.
 2021-04-04 22:05:56,749 - INFO - D:\django\cargobot\qurmatuz\bot\search.py changed, reloading.
 2021-04-04 22:06:37,264 - INFO - D:\django\cargobot\qurmatuz\bot\search.py changed, reloading.
 2021-04-04 22:08:01,577 - INFO - D:\django\cargobot\qurmatuz\bot\search.py changed, reloading.
 2021-04-04 22:08:04,312 - INFO - D:\django\cargobot\qurmatuz\bot\search.py changed, reloading.
 2021-04-04 22:20:42,488 - INFO - D:\django\cargobot\qurmatuz\bot\search.py changed, reloading.
 2021-04-04 22:22:36,987 - INFO - D:\django\cargobot\qurmatuz\bot\const.py changed, reloading.
 2021-04-04 22:25:53,087 - INFO - D:\django\cargobot\qurmatuz\bot\search.py changed, reloading.
 2021-04-04 22:27:32,568 - INFO - D:\django\cargobot\qurmatuz\bot\search.py changed, reloading.
 2021-04-04 22:28:03,723 - INFO - D:\django\cargobot\qurmatuz\bot\views.py changed, reloading.
 2021-04-04 22:29:17,524 - INFO - D:\django\cargobot\qurmatuz\bot\search.py changed, reloading.
 2021-04-04 22:29:25,433 - INFO - D:\django\cargobot\qurmatuz\bot\views.py changed, reloading.
 2021-04-04 22:33:14,321 - INFO - D:\django\cargobot\qurmatuz\bot\search.py changed, reloading.
 2021-04-04 22:33:16,469 - INFO - D:\django\cargobot\qurmatuz\bot\search.py changed, reloading.
 2021-04-04 22:34:27,908 - INFO - D:\django\cargobot\qurmatuz\bot\search.py changed, reloading.
 2021-04-04 22:36:28,883 - INFO - D:\django\cargobot\qurmatuz\bot\search.py changed, reloading.
 2021-04-04 22:36:45,024 - INFO - D:\django\cargobot\qurmatuz\bot\search.py changed, reloading.
 2021-04-04 22:36:48,252 - INFO - D:\django\cargobot\qurmatuz\bot\search.py changed, reloading.
 2021-04-04 22:38:12,118 - INFO - D:\django\cargobot\qurmatuz\bot\search.py changed, reloading.
 2021-04-04 22:38:29,366 - INFO - D:\django\cargobot\qurmatuz\bot\search.py changed, reloading.
 2021-04-04 22:39:22,208 - INFO - D:\django\cargobot\qurmatuz\bot\search.py changed, reloading.
 2021-04-04 22:41:47,981 - INFO - D:\django\cargobot\qurmatuz\bot\search.py changed, reloading.
 2021-04-04 22:43:09,437 - INFO - D:\django\cargobot\qurmatuz\bot\search.py changed, reloading.
 2021-04-04 22:43:49,452 - INFO - D:\django\cargobot\qurmatuz\bot\search.py changed, reloading.
 2021-04-04 22:45:22,266 - INFO - D:\django\cargobot\qurmatuz\bot\search.py changed, reloading.
 2021-04-04 22:45:28,719 - INFO - D:\django\cargobot\qurmatuz\bot\search.py changed, reloading.
 2021-04-04 22:46:16,355 - INFO - D:\django\cargobot\qurmatuz\bot\search.py changed, reloading.
 2021-04-04 22:46:57,587 - INFO - D:\django\cargobot\qurmatuz\bot\search.py changed, reloading.
 2021-04-04 22:48:18,501 - INFO - D:\django\cargobot\qurmatuz\bot\search.py changed, reloading.
 2021-04-04 22:48:32,650 - INFO - D:\django\cargobot\qurmatuz\bot\search.py changed, reloading.
 2021-04-04 22:48:56,537 - INFO - D:\django\cargobot\qurmatuz\bot\search.py changed, reloading.
 2021-04-04 22:51:42,443 - INFO - D:\django\cargobot\qurmatuz\bot\search.py changed, reloading.
 2021-04-04 22:52:44,096 - INFO - D:\django\cargobot\qurmatuz\bot\search.py changed, reloading.
 2021-04-04 22:53:53,052 - INFO - D:\django\cargobot\qurmatuz\bot\search.py changed, reloading.
 2021-04-04 22:55:02,103 - INFO - D:\django\cargobot\qurmatuz\bot\search.py changed, reloading.
 2021-04-04 22:56:43,595 - INFO - D:\django\cargobot\qurmatuz\bot\search.py changed, reloading.
 2021-04-04 22:57:12,999 - INFO - D:\django\cargobot\qurmatuz\bot\search.py changed, reloading.
 2021-04-04 22:59:31,249 - INFO - D:\django\cargobot\qurmatuz\bot\search.py changed, reloading.
 2021-04-04 22:59:56,162 - INFO - D:\django\cargobot\qurmatuz\bot\search.py changed, reloading.
 2021-04-04 23:06:38,023 - INFO - D:\django\cargobot\qurmatuz\bot\search.py changed, reloading.
 2021-04-04 23:06:48,748 - INFO - D:\django\cargobot\qurmatuz\bot\search.py changed, reloading.
 2021-04-04 23:07:49,931 - INFO - D:\django\cargobot\qurmatuz\bot\search.py changed, reloading.
 2021-04-04 23:08:39,065 - INFO - D:\django\cargobot\qurmatuz\bot\search.py changed, reloading.
 2021-04-04 23:09:28,914 - INFO - D:\django\cargobot\qurmatuz\bot\search.py changed, reloading.
 2021-04-04 23:10:27,001 - INFO - D:\django\cargobot\qurmatuz\bot\search.py changed, reloading.
 2021-04-04 23:12:24,308 - INFO - D:\django\cargobot\qurmatuz\bot\search.py changed, reloading.
 2021-04-04 23:12:36,174 - INFO - D:\django\cargobot\qurmatuz\bot\search.py changed, reloading.
 2021-04-04 23:13:25,604 - INFO - D:\django\cargobot\qurmatuz\bot\search.py changed, reloading.
 2021-04-04 23:33:33,907 - INFO - D:\django\cargobot\qurmatuz\bot\search.py changed, reloading.
 2021-04-04 23:33:58,855 - INFO - D:\django\cargobot\qurmatuz\config\settings.py changed, reloading.
 2021-04-04 23:34:03,969 - WARNING - Not Found: /favicon.ico
 2021-04-04 23:34:45,373 - INFO - D:\django\cargobot\qurmatuz\bot\search.py changed, reloading.
 2021-04-04 23:35:44,753 - INFO - D:\django\cargobot\qurmatuz\bot\search.py changed, reloading.
 2021-04-04 23:36:04,252 - INFO - D:\django\cargobot\qurmatuz\bot\search.py changed, reloading.
 2021-04-04 23:37:02,570 - INFO - D:\django\cargobot\qurmatuz\bot\search.py changed, reloading.
 2021-04-04 23:37:07,942 - INFO - D:\django\cargobot\qurmatuz\bot\search.py changed, reloading.
 2021-04-04 23:37:42,414 - INFO - D:\django\cargobot\qurmatuz\bot\search.py changed, reloading.
 2021-04-04 23:38:14,852 - INFO - D:\django\cargobot\qurmatuz\bot\search.py changed, reloading.
 2021-04-04 23:39:19,535 - INFO - D:\django\cargobot\qurmatuz\bot\search.py changed, reloading.
 2021-04-04 23:39:40,219 - WARNING - Not Found: /favicon.ico
 2021-04-05 00:03:41,672 - INFO - D:\django\cargobot\qurmatuz\bot\search.py changed, reloading.
 2021-04-05 00:04:00,016 - INFO - D:\django\cargobot\qurmatuz\bot\search.py changed, reloading.
 2021-04-05 00:17:37,980 - INFO - D:\django\cargobot\qurmatuz\bot\search.py changed, reloading.
 2021-04-05 00:21:41,612 - WARNING - Not Found: /favicon.ico
 2021-04-05 07:10:11,651 - WARNING - Not Found: /
 2021-04-05 07:10:11,743 - WARNING - Not Found: /favicon.ico
